  Using 'git status' to determine working set for adaptive non-unity build (C:\Users\xldgh\Desktop\AOT).
  Creating makefile for BattleForcesEditor (no existing makefile)
  Parsing headers for BattleForcesEditor
    Running UnrealHeaderTool "C:\Users\xldgh\Desktop\AOT\BattleForces\BattleForces.uproject" "C:\Users\xldgh\Desktop\AOT\BattleForces\Intermediate\Build\Win64\BattleForcesEditor\Development\BattleForcesEditor.uhtmanifest" -LogCmds="loginit warning, logexit warning, logdatabase error" -Unattended -WarningsAsErrors -abslog="C:\Users\xldgh\AppData\Local\UnrealBuildTool\Log_UHT.txt" -installed
  LogInit: Display: Loading text-based GConfig....
  Reflection code generated for BattleForcesEditor in 16.393009 seconds
  Building BattleForcesEditor...
  Using Visual Studio 2019 14.29.30133 toolchain (C:\Program Files (x86)\Microsoft Visual Studio\2019\Community\VC\Tools\MSVC\14.29.30133) and Windows 10.0.18362.0 SDK (C:\Program Files (x86)\Windows Kits\10).
  Building 25 actions with 8 processes...
    [1/25] Default.rc2
    [2/25] SharedPCH.Engine.ShadowErrors.cpp
    [3/25] BattleForces.cpp
    [4/25] Gadget.cpp
    [5/25] AOTDefenceGameMode.gen.cpp
    [6/25] AOTPlayerState.gen.cpp
    [7/25] Gun.cpp
    [8/25] AOTDefenceGameState.gen.cpp
    [9/25] BaseCharacter.cpp
    [10/25] BaseCharacter.gen.cpp
    [11/25] Gun.gen.cpp
    [12/25] Camera.cpp
    [13/25] BattleForcesGameModeBase.cpp
    [14/25] BattleForces.init.gen.cpp
    [15/25] BattleForcesGameModeBase.gen.cpp
    [16/25] Gadget.gen.cpp
    [17/25] AOTDefenceGameState.cpp
    [18/25] AOTGameState.gen.cpp
    [19/25] AOTGameState.cpp
    [20/25] Camera.gen.cpp
    [21/25] AOTPlayerState.cpp
C:\Users\xldgh\Desktop\AOT\BattleForces\Source\BattleForces\Private\AOTPlayerState.cpp(45): warning C4996: 'APlayerState::UniqueId': This member will be made private. Use GetUniqueId or SetUniqueId instead. Please update your code to the new API before upgrading to the next release, otherwise your project will no longer compile.
    [22/25] AOTDefenceGameMode.cpp
    [23/25] UE4Editor-BattleForces.lib
       C:\Users\xldgh\Desktop\AOT\BattleForces\Intermediate\Build\Win64\UE4Editor\Development\BattleForces\UE4Editor-BattleForces.lib 라이브러리 및 C:\Users\xldgh\Desktop\AOT\BattleForces\Intermediate\Build\Win64\UE4Editor\Development\BattleForces\UE4Editor-BattleForces.exp 개체를 생성하고 있습니다.
    [24/25] UE4Editor-BattleForces.dll
       C:\Users\xldgh\Desktop\AOT\BattleForces\Intermediate\Build\Win64\UE4Editor\Development\BattleForces\UE4Editor-BattleForces.suppressed.lib 라이브러리 및 C:\Users\xldgh\Desktop\AOT\BattleForces\Intermediate\Build\Win64\UE4Editor\Development\BattleForces\UE4Editor-BattleForces.suppressed.exp 개체를 생성하고 있습니다.
    [25/25] BattleForcesEditor.target
  Total time in Parallel executor: 36.97 seconds
  Total execution time: 57.03 seconds
